  server.cpp
D:\Programming\STARBATTLE\server\server\HeadSprite.h(27,28): warning C4244: аргумент: преобразование "double" в "int", возможна потеря данных
D:\Programming\STARBATTLE\server\server\HeadSprite.h(27,23): warning C4244: аргумент: преобразование "double" в "int", возможна потеря данных
D:\Programming\STARBATTLE\server\server\Background.h(23,2): warning C4091: static : пропускается слева от "Background", когда ни одна переменная не объявлена
D:\Programming\STARBATTLE\server\server\Background.h(19,73): warning C4244: аргумент: преобразование "double" в "int", возможна потеря данных
D:\Programming\STARBATTLE\server\server\Background.h(19,46): warning C4244: аргумент: преобразование "double" в "int", возможна потеря данных
D:\Programming\STARBATTLE\server\server\Asteroid.h(52,4): error C2561: Asteroid::CountCollision: функция должна возвращать значение
D:\Programming\STARBATTLE\server\server\Asteroid.h(47): message : см. объявление "Asteroid::CountCollision"
D:\Programming\STARBATTLE\server\server\Asteroid.h(87,12): error C2065: SmallAsteroid: необъявленный идентификатор
D:\Programming\STARBATTLE\server\server\Asteroid.h(87,27): error C2065: SmallAsteroid: необъявленный идентификатор
D:\Programming\STARBATTLE\server\server\Asteroid.h(87,7): error C2923: std::pair: "SmallAsteroid" не является допустимым аргументом типа шаблон для параметра "_Ty1"
D:\Programming\STARBATTLE\server\server\Asteroid.h(87): message : см. объявление "SmallAsteroid"
D:\Programming\STARBATTLE\server\server\Asteroid.h(87,7): error C2923: std::pair: "SmallAsteroid" не является допустимым аргументом типа шаблон для параметра "_Ty2"
D:\Programming\STARBATTLE\server\server\Asteroid.h(87): message : см. объявление "SmallAsteroid"
D:\Programming\STARBATTLE\server\server\Asteroid.h(87,50): error C2955: "std::pair": для использования класс шаблон требуется список аргументов шаблон
D:\Program Files\Microsoft Visual Studio\2022\Community\VC\Tools\MSVC\14.32.31326\include\utility(123): message : см. объявление "std::pair"
D:\Programming\STARBATTLE\server\server\Asteroid.h(88,3): error C2065: SmallAsteroid: необъявленный идентификатор
D:\Programming\STARBATTLE\server\server\Asteroid.h(88,17): error C2146: синтаксическая ошибка: отсутствие ";" перед идентификатором "asteroid1"
D:\Programming\STARBATTLE\server\server\Asteroid.h(88,17): error C3861: asteroid1: идентификатор не найден
D:\Programming\STARBATTLE\server\server\Asteroid.h(89,3): error C2065: SmallAsteroid: необъявленный идентификатор
D:\Programming\STARBATTLE\server\server\Asteroid.h(89,17): error C2146: синтаксическая ошибка: отсутствие ";" перед идентификатором "asteroid2"
D:\Programming\STARBATTLE\server\server\Asteroid.h(89,17): error C3861: asteroid2: идентификатор не найден
D:\Programming\STARBATTLE\server\server\Asteroid.h(90,25): error C2065: asteroid1: необъявленный идентификатор
D:\Programming\STARBATTLE\server\server\Asteroid.h(90,36): error C2065: asteroid2: необъявленный идентификатор
D:\Programming\STARBATTLE\server\server\SuperPower.h(55,1): warning C4267: инициализация: преобразование из "size_t" в "int"; возможна потеря данных
D:\Programming\STARBATTLE\server\server\SuperPower.h(65,28): warning C4244: аргумент: преобразование "double" в "int", возможна потеря данных
D:\Programming\STARBATTLE\server\server\SuperPower.h(65,23): warning C4244: аргумент: преобразование "double" в "int", возможна потеря данных
D:\Programming\STARBATTLE\server\server\Ship.h(17,19): error C2061: синтаксическая ошибка: идентификатор "Rotation"
D:\Programming\STARBATTLE\server\server\Ship.h(109,11): error C3646: rotation: неизвестный спецификатор переопределения
D:\Programming\STARBATTLE\server\server\Ship.h(109,19): error C4430: отсутствует спецификатор типа - предполагается int. Примечание. C++ не поддерживает int по умолчанию
D:\Programming\STARBATTLE\server\server\Ship.h(113,14): error C2065: Bullet: необъявленный идентификатор
D:\Programming\STARBATTLE\server\server\Ship.h(113,21): error C2059: синтаксическая ошибка: >
D:\Programming\STARBATTLE\server\server\Ship.h(18,3): error C2065: rotation: необъявленный идентификатор
D:\Programming\STARBATTLE\server\server\Ship.h(18,14): error C2065: rot: необъявленный идентификатор
D:\Programming\STARBATTLE\server\server\Ship.h(29,21): error C2672: "begin": не найдена соответствующая перегруженная функция
D:\Programming\STARBATTLE\server\server\Ship.h(29,1): error C2893: Сбой при специализации функции-шаблона "unknown-type std::begin(_Container &)".
D:\Program Files\Microsoft Visual Studio\2022\Community\VC\Tools\MSVC\14.32.31326\include\xutility(1840): message : см. объявление "std::begin"
D:\Programming\STARBATTLE\server\server\Ship.h(29,1): message : Со следующими аргументами шаблона:
D:\Programming\STARBATTLE\server\server\Ship.h(29,1): message : "_Container=unknown-type"
D:\Programming\STARBATTLE\server\server\Ship.h(29,1): error C2784: const _Elem *std::begin(std::initializer_list<_Elem>) noexcept: не удается составить аргумент шаблон для "std::initializer_list<_Elem>" от "unknown-type"
D:\Program Files\Microsoft Visual Studio\2022\Community\VC\Tools\MSVC\14.32.31326\include\initializer_list(55): message : см. объявление "std::begin"
D:\Programming\STARBATTLE\server\server\Ship.h(29,21): error C2672: "end": не найдена соответствующая перегруженная функция
D:\Programming\STARBATTLE\server\server\Ship.h(29,1): error C2893: Сбой при специализации функции-шаблона "unknown-type std::end(_Container &)".
D:\Program Files\Microsoft Visual Studio\2022\Community\VC\Tools\MSVC\14.32.31326\include\xutility(1850): message : см. объявление "std::end"
D:\Programming\STARBATTLE\server\server\Ship.h(29,1): message : Со следующими аргументами шаблона:
D:\Programming\STARBATTLE\server\server\Ship.h(29,1): message : "_Container=unknown-type"
D:\Programming\STARBATTLE\server\server\Ship.h(29,1): error C2784: const _Elem *std::end(std::initializer_list<_Elem>) noexcept: не удается составить аргумент шаблон для "std::initializer_list<_Elem>" от "unknown-type"
D:\Program Files\Microsoft Visual Studio\2022\Community\VC\Tools\MSVC\14.32.31326\include\initializer_list(60): message : см. объявление "std::end"
D:\Programming\STARBATTLE\server\server\Ship.h(29,1): error C3536: <begin>$L0: не может использоваться до инициализации
D:\Programming\STARBATTLE\server\server\Ship.h(29,1): error C3536: <end>$L0: не может использоваться до инициализации
D:\Programming\STARBATTLE\server\server\Ship.h(29,28): error C2100: недопустимое косвенное обращение
D:\Programming\STARBATTLE\server\server\Ship.h(90,28): warning C4244: аргумент: преобразование "double" в "int", возможна потеря данных
D:\Programming\STARBATTLE\server\server\Ship.h(90,23): warning C4244: аргумент: преобразование "double" в "int", возможна потеря данных
D:\Programming\STARBATTLE\server\server\Ship.h(95,22): error C2672: "begin": не найдена соответствующая перегруженная функция
D:\Programming\STARBATTLE\server\server\Ship.h(96,1): error C2893: Сбой при специализации функции-шаблона "unknown-type std::begin(_Container &)".
D:\Program Files\Microsoft Visual Studio\2022\Community\VC\Tools\MSVC\14.32.31326\include\xutility(1840): message : см. объявление "std::begin"
D:\Programming\STARBATTLE\server\server\Ship.h(96,1): message : Со следующими аргументами шаблона:
D:\Programming\STARBATTLE\server\server\Ship.h(96,1): message : "_Container=unknown-type"
D:\Programming\STARBATTLE\server\server\Ship.h(96,1): error C2784: const _Elem *std::begin(std::initializer_list<_Elem>) noexcept: не удается составить аргумент шаблон для "std::initializer_list<_Elem>" от "unknown-type"
D:\Program Files\Microsoft Visual Studio\2022\Community\VC\Tools\MSVC\14.32.31326\include\initializer_list(55): message : см. объявление "std::begin"
D:\Programming\STARBATTLE\server\server\Ship.h(95,22): error C2672: "end": не найдена соответствующая перегруженная функция
D:\Programming\STARBATTLE\server\server\Ship.h(96,1): error C2893: Сбой при специализации функции-шаблона "unknown-type std::end(_Container &)".
D:\Program Files\Microsoft Visual Studio\2022\Community\VC\Tools\MSVC\14.32.31326\include\xutility(1850): message : см. объявление "std::end"
D:\Programming\STARBATTLE\server\server\Ship.h(96,1): message : Со следующими аргументами шаблона:
D:\Programming\STARBATTLE\server\server\Ship.h(96,1): message : "_Container=unknown-type"
D:\Programming\STARBATTLE\server\server\Ship.h(96,1): error C2784: const _Elem *std::end(std::initializer_list<_Elem>) noexcept: не удается составить аргумент шаблон для "std::initializer_list<_Elem>" от "unknown-type"
D:\Program Files\Microsoft Visual Studio\2022\Community\VC\Tools\MSVC\14.32.31326\include\initializer_list(60): message : см. объявление "std::end"
D:\Programming\STARBATTLE\server\server\Ship.h(96,1): error C3536: <begin>$L0: не может использоваться до инициализации
D:\Programming\STARBATTLE\server\server\Ship.h(96,1): error C3536: <end>$L0: не может использоваться до инициализации
D:\Programming\STARBATTLE\server\server\Ship.h(95,29): error C2100: недопустимое косвенное обращение
D:\Programming\STARBATTLE\server\server\Ship.h(104,25): error C2061: синтаксическая ошибка: идентификатор "Bullet"
D:\Programming\STARBATTLE\server\server\Ship.h(104,114): error C2143: синтаксическая ошибка: отсутствие ";" перед ")"
D:\Programming\STARBATTLE\server\server\Ship.h(104,114): error C2059: синтаксическая ошибка: )
D:\Programming\STARBATTLE\server\server\Ship.h(125,3): error C2065: rotation: необъявленный идентификатор
D:\Programming\STARBATTLE\server\server\Ship.h(125,14): error C2653: Rotation: не является именем класса или пространства имен
D:\Programming\STARBATTLE\server\server\Ship.h(125,24): error C2065: Top: необъявленный идентификатор
D:\Programming\STARBATTLE\server\server\Ship.h(132,17): error C2653: Rotation: не является именем класса или пространства имен
D:\Programming\STARBATTLE\server\server\Ship.h(132,27): error C2065: Left: необъявленный идентификатор
D:\Programming\STARBATTLE\server\server\Ship.h(135,18): error C2653: Rotation: не является именем класса или пространства имен
D:\Programming\STARBATTLE\server\server\Ship.h(135,28): error C2065: Top: необъявленный идентификатор
D:\Programming\STARBATTLE\server\server\Ship.h(137,18): error C2653: Rotation: не является именем класса или пространства имен
D:\Programming\STARBATTLE\server\server\Ship.h(137,28): error C2065: Bottom: необъявленный идентификатор
D:\Programming\STARBATTLE\server\server\Ship.h(142,17): error C2653: Rotation: не является именем класса или пространства имен
D:\Programming\STARBATTLE\server\server\Ship.h(142,27): error C2065: Right: необъявленный идентификатор
D:\Programming\STARBATTLE\server\server\Ship.h(145,18): error C2653: Rotation: не является именем класса или пространства имен
D:\Programming\STARBATTLE\server\server\Ship.h(145,28): error C2065: Top: необъявленный идентификатор
D:\Programming\STARBATTLE\server\server\Ship.h(147,18): error C2653: Rotation: не является именем класса или пространства имен
D:\Programming\STARBATTLE\server\server\Ship.h(147,28): error C2065: Bottom: необъявленный идентификатор
D:\Programming\STARBATTLE\server\server\Ship.h(192,26): error C2061: синтаксическая ошибка: идентификатор "Rotation"
D:\Programming\STARBATTLE\server\server\Ship.h(196,15): error C2065: rot: необъявленный идентификатор
D:\Programming\STARBATTLE\server\server\Interface.h(10,10): error C3646: GetReticle: неизвестный спецификатор переопределения
D:\Programming\STARBATTLE\server\server\Interface.h(10,20): error C2059: синтаксическая ошибка: (
D:\Programming\STARBATTLE\server\server\Interface.h(10,23): error C2334: непредвиденные лексемы перед "{"; пропуск вероятного тела функции
D:\Programming\STARBATTLE\server\server\Interface.h(19,10): error C3646: reticle: неизвестный спецификатор переопределения
D:\Programming\STARBATTLE\server\server\Interface.h(19,17): error C4430: отсутствует спецификатор типа - предполагается int. Примечание. C++ не поддерживает int по умолчанию
D:\Programming\STARBATTLE\server\server\Interface.h(15,3): error C2065: reticle: необъявленный идентификатор
D:\Programming\STARBATTLE\server\server\MapCreator.h(176,2): warning C4091: static : пропускается слева от "MapCreator", когда ни одна переменная не объявлена
D:\Programming\STARBATTLE\server\server\MapCreator.h(112,39): error C2039: "GetReticle": не является членом "Interface".
D:\Programming\STARBATTLE\server\server\Interface.h(4): message : см. объявление "Interface"
D:\Programming\STARBATTLE\server\server\InfoToSend.h(17,29): error C2065: PERSONAL_ID: необъявленный идентификатор
D:\Programming\STARBATTLE\server\server\server.cpp(97,15): warning C4244: аргумент: преобразование "time_t" в "unsigned int", возможна потеря данных
